<?xml version="1.0" encoding="UTF-8"?>
<!-- Generated by org.testng.reporters.JUnitXMLReporter -->
<testsuite hostname="LAPTOP-EM3IQHN6" ignored="0" name="FaceBookTst" tests="4" failures="2" timestamp="19 Apr 2021 02:38:09 GMT" time="11.004" errors="0">
  <testcase name="tc3" time="0.006" classname="testngdemo.org.FaceBookTest"/>
  <testcase name="tc1" time="0.0" classname="testngdemo.org.FaceBookTest"/>
  <testcase name="tc4" time="0.655" classname="testngdemo.org.FaceBookTest">
    <failure type="java.lang.AssertionError" message="The following asserts failed:
	expected [tittuish@gmail.com] but found [tittuanish@gmail.com],
	expected [titt] but found [tittu]">
      <![CDATA[java.lang.AssertionError: The following asserts failed:
expected [tittuish@gmail.com] but found [tittuanish@gmail.com],
expected [titt] but found [tittu]
at testngdemo.org.FaceBookTest.tc4(FaceBookTest.java:87)
... Removed 26 stack frames]]>
    </failure>
  </testcase> <!-- tc4 -->
  <testcase name="tc2" time="0.158" classname="testngdemo.org.FaceBookTest">
    <failure type="java.lang.AssertionError" message="expected [tittuani@gmail.com] but found [tittuanish@gmail.comtittuanish@gmail.com]">
      <![CDATA[java.lang.AssertionError: expected [tittuani@gmail.com] but found [tittuanish@gmail.comtittuanish@gmail.com]
at testngdemo.org.FaceBookTest.tc2(FaceBookTest.java:64)
... Removed 31 stack frames]]>
    </failure>
  </testcase> <!-- tc2 -->
</testsuite> <!-- FaceBookTst -->
